#! /usr/bin/env bash
exec /home/juan/miniconda3/envs/digital/bin/vvp -f "$0" "$@" <<'# EOF'
:ivl_version "13.0 (devel)" "(0_8-6859-gf50cc35d2-dirty)";
:ivl_delay_selection "TYPICAL";
:vpi_time_precision - 12;
:vpi_module "/home/juan/miniconda3/envs/digital/lib/ivl/system.vpi";
:vpi_module "/home/juan/miniconda3/envs/digital/lib/ivl/vhdl_sys.vpi";
:vpi_module "/home/juan/miniconda3/envs/digital/lib/ivl/vhdl_textio.vpi";
:vpi_module "/home/juan/miniconda3/envs/digital/lib/ivl/v2005_math.vpi";
:vpi_module "/home/juan/miniconda3/envs/digital/lib/ivl/va_math.vpi";
S_0x36ddaea0 .scope module, "tb_hc_sr04" "tb_hc_sr04" 2 3;
 .timescale -9 -12;
v0x36df0ee0_0 .var "clk", 0 0;
v0x36df0fa0_0 .net "distance", 15 0, v0x36df09f0_0;  1 drivers
v0x36df1040_0 .var "echo", 0 0;
v0x36df1140_0 .var "rst", 0 0;
v0x36df1210_0 .net "trigger", 0 0, v0x36df0d80_0;  1 drivers
S_0x36ddb030 .scope module, "uut" "hc_sr04" 2 11, 3 1 0, S_0x36ddaea0;
 .timescale 0 0;
    .port_info 0 /INPUT 1 "clk";
    .port_info 1 /INPUT 1 "rst";
    .port_info 2 /INPUT 1 "echo";
    .port_info 3 /OUTPUT 1 "trigger";
    .port_info 4 /OUTPUT 16 "distance";
P_0x36dc4400 .param/l "ECHO_READ" 1 3 16, C4<11>;
P_0x36dc4440 .param/l "ECHO_WAIT" 1 3 15, C4<10>;
P_0x36dc4480 .param/l "IDLE" 1 3 13, C4<00>;
P_0x36dc44c0 .param/l "TRIGGER" 1 3 14, C4<01>;
v0x36d9b210_0 .net "clk", 0 0, v0x36df0ee0_0;  1 drivers
v0x36df0850_0 .var "con_in", 15 0;
v0x36df0930_0 .var "con_out", 15 0;
v0x36df09f0_0 .var "distance", 15 0;
v0x36df0ad0_0 .net "echo", 0 0, v0x36df1040_0;  1 drivers
v0x36df0be0_0 .net "rst", 0 0, v0x36df1140_0;  1 drivers
v0x36df0ca0_0 .var "state", 1 0;
v0x36df0d80_0 .var "trigger", 0 0;
E_0x36dd45a0 .event posedge, v0x36df0be0_0, v0x36d9b210_0;
    .scope S_0x36ddb030;
T_0 ;
    %pushi/vec4 0, 0, 16;
    %store/vec4 v0x36df0930_0, 0, 16;
    %pushi/vec4 0, 0, 16;
    %store/vec4 v0x36df0850_0, 0, 16;
    %pushi/vec4 0, 0, 2;
    %store/vec4 v0x36df0ca0_0, 0, 2;
    %end;
    .thread T_0;
    .scope S_0x36ddb030;
T_1 ;
    %wait E_0x36dd45a0;
    %load/vec4 v0x36df0be0_0;
    %flag_set/vec4 8;
    %jmp/0xz  T_1.0, 8;
    %pushi/vec4 0, 0, 2;
    %assign/vec4 v0x36df0ca0_0, 0;
    %pushi/vec4 0, 0, 1;
    %assign/vec4 v0x36df0d80_0, 0;
    %pushi/vec4 0, 0, 16;
    %assign/vec4 v0x36df0930_0, 0;
    %pushi/vec4 0, 0, 16;
    %assign/vec4 v0x36df0850_0, 0;
    %pushi/vec4 0, 0, 16;
    %assign/vec4 v0x36df09f0_0, 0;
    %jmp T_1.1;
T_1.0 ;
    %load/vec4 v0x36df0ca0_0;
    %dup/vec4;
    %pushi/vec4 0, 0, 2;
    %cmp/u;
    %jmp/1 T_1.2, 6;
    %dup/vec4;
    %pushi/vec4 1, 0, 2;
    %cmp/u;
    %jmp/1 T_1.3, 6;
    %dup/vec4;
    %pushi/vec4 2, 0, 2;
    %cmp/u;
    %jmp/1 T_1.4, 6;
    %dup/vec4;
    %pushi/vec4 3, 0, 2;
    %cmp/u;
    %jmp/1 T_1.5, 6;
    %jmp T_1.6;
T_1.2 ;
    %pushi/vec4 1, 0, 1;
    %assign/vec4 v0x36df0d80_0, 0;
    %pushi/vec4 0, 0, 16;
    %assign/vec4 v0x36df0930_0, 0;
    %pushi/vec4 1, 0, 2;
    %assign/vec4 v0x36df0ca0_0, 0;
    %jmp T_1.6;
T_1.3 ;
    %load/vec4 v0x36df0930_0;
    %pad/u 32;
    %cmpi/u 375, 0, 32;
    %jmp/0xz  T_1.7, 5;
    %load/vec4 v0x36df0930_0;
    %addi 1, 0, 16;
    %assign/vec4 v0x36df0930_0, 0;
    %jmp T_1.8;
T_1.7 ;
    %pushi/vec4 0, 0, 1;
    %assign/vec4 v0x36df0d80_0, 0;
    %pushi/vec4 0, 0, 16;
    %assign/vec4 v0x36df0930_0, 0;
    %pushi/vec4 2, 0, 2;
    %assign/vec4 v0x36df0ca0_0, 0;
T_1.8 ;
    %jmp T_1.6;
T_1.4 ;
    %load/vec4 v0x36df0ad0_0;
    %pad/u 32;
    %cmpi/e 1, 0, 32;
    %jmp/0xz  T_1.9, 4;
    %pushi/vec4 0, 0, 16;
    %assign/vec4 v0x36df0850_0, 0;
    %pushi/vec4 3, 0, 2;
    %assign/vec4 v0x36df0ca0_0, 0;
T_1.9 ;
    %jmp T_1.6;
T_1.5 ;
    %load/vec4 v0x36df0ad0_0;
    %pad/u 32;
    %cmpi/e 1, 0, 32;
    %jmp/0xz  T_1.11, 4;
    %load/vec4 v0x36df0850_0;
    %addi 1, 0, 16;
    %assign/vec4 v0x36df0850_0, 0;
    %jmp T_1.12;
T_1.11 ;
    %load/vec4 v0x36df0850_0;
    %assign/vec4 v0x36df09f0_0, 0;
    %pushi/vec4 0, 0, 2;
    %assign/vec4 v0x36df0ca0_0, 0;
T_1.12 ;
    %jmp T_1.6;
T_1.6 ;
    %pop/vec4 1;
T_1.1 ;
    %jmp T_1;
    .thread T_1;
    .scope S_0x36ddaea0;
T_2 ;
    %delay 20000, 0;
    %load/vec4 v0x36df0ee0_0;
    %inv;
    %store/vec4 v0x36df0ee0_0, 0, 1;
    %jmp T_2;
    .thread T_2;
    .scope S_0x36ddaea0;
T_3 ;
    %vpi_call 2 24 "$dumpfile", "hc_sr04.vcd" {0 0 0};
    %vpi_call 2 25 "$dumpvars", 32'sb00000000000000000000000000000000, S_0x36ddaea0 {0 0 0};
    %pushi/vec4 0, 0, 1;
    %store/vec4 v0x36df0ee0_0, 0, 1;
    %pushi/vec4 1, 0, 1;
    %store/vec4 v0x36df1140_0, 0, 1;
    %pushi/vec4 0, 0, 1;
    %store/vec4 v0x36df1040_0, 0, 1;
    %delay 100000, 0;
    %pushi/vec4 0, 0, 1;
    %store/vec4 v0x36df1140_0, 0, 1;
    %delay 17000000, 0;
    %pushi/vec4 1, 0, 1;
    %store/vec4 v0x36df1040_0, 0, 1;
    %delay 1000000000, 0;
    %pushi/vec4 0, 0, 1;
    %store/vec4 v0x36df1040_0, 0, 1;
    %delay 5000000, 0;
    %vpi_call 2 47 "$display", "Distancia medida: %d", v0x36df0fa0_0 {0 0 0};
    %vpi_call 2 48 "$finish" {0 0 0};
    %end;
    .thread T_3;
# The file index is used to find the file name in the following table.
:file_names 4;
    "N/A";
    "<interactive>";
    "hc_sr04_tb.v";
    "hc_sr04.v";
# EOF
